mode: atomic
drupal9ci/scripts/scripts.go:39.35,47.2 1 0
drupal9ci/scripts/scripts.go:49.39,57.2 1 2
drupal9ci/scripts/scripts.go:59.93,63.23 3 1
drupal9ci/scripts/scripts.go:82.2,82.25 1 1
drupal9ci/scripts/scripts.go:63.23,65.3 1 1
drupal9ci/scripts/scripts.go:65.8,66.22 1 0
drupal9ci/scripts/scripts.go:67.18,68.41 1 0
drupal9ci/scripts/scripts.go:69.17,70.40 1 0
drupal9ci/scripts/scripts.go:71.22,72.45 1 0
drupal9ci/scripts/scripts.go:73.17,74.40 1 0
drupal9ci/scripts/scripts.go:75.17,76.40 1 0
drupal9ci/scripts/scripts.go:77.11,78.43 1 0
